<?xml version="1.0" encoding="UTF-8"?>
<coverage generated="1682596927809" clover="3.2.0">
  <project timestamp="1682596927809" name="All files">
    <metrics statements="45" coveredstatements="45" conditionals="6" coveredconditionals="6" methods="16" coveredmethods="16" elements="67" coveredelements="67" complexity="0" loc="45" ncloc="45" packages="1" files="1" classes="1"/>
    <file name="App.tsx" path="/home/traning/Desktop/Akash3/crudwithapi/App.tsx">
      <metrics statements="45" coveredstatements="45" conditionals="6" coveredconditionals="6" methods="16" coveredmethods="16"/>
      <line num="29" count="10" type="stmt"/>
      <line num="41" count="10" type="stmt"/>
      <line num="42" count="13" type="stmt"/>
      <line num="43" count="13" type="stmt"/>
      <line num="46" count="13" type="stmt"/>
      <line num="48" count="1" type="stmt"/>
      <line num="52" count="10" type="stmt"/>
      <line num="54" count="10" type="stmt"/>
      <line num="55" count="2" type="stmt"/>
      <line num="57" count="2" type="stmt"/>
      <line num="58" count="2" type="stmt"/>
      <line num="65" count="1" type="stmt"/>
      <line num="70" count="1" type="stmt"/>
      <line num="74" count="10" type="stmt"/>
      <line num="76" count="2" type="stmt"/>
      <line num="77" count="2" type="stmt"/>
      <line num="83" count="1" type="stmt"/>
      <line num="87" count="1" type="stmt"/>
      <line num="91" count="10" type="stmt"/>
      <line num="92" count="8" type="stmt"/>
      <line num="93" count="8" type="cond" truecount="2" falsecount="0"/>
      <line num="94" count="2" type="stmt"/>
      <line num="95" count="6" type="cond" truecount="2" falsecount="0"/>
      <line num="96" count="2" type="stmt"/>
      <line num="98" count="4" type="stmt"/>
      <line num="103" count="49" type="stmt"/>
      <line num="105" count="49" type="stmt"/>
      <line num="107" count="49" type="stmt"/>
      <line num="121" count="3" type="stmt"/>
      <line num="129" count="13" type="stmt"/>
      <line num="161" count="2" type="stmt"/>
      <line num="176" count="2" type="stmt"/>
      <line num="216" count="2" type="stmt"/>
      <line num="229" count="6" type="stmt"/>
      <line num="238" count="2" type="stmt"/>
      <line num="239" count="2" type="stmt"/>
      <line num="240" count="2" type="stmt"/>
      <line num="289" count="2" type="stmt"/>
      <line num="302" count="2" type="stmt"/>
      <line num="318" count="2" type="stmt"/>
      <line num="319" count="2" type="stmt"/>
      <line num="320" count="2" type="stmt"/>
      <line num="328" count="1" type="stmt"/>
      <line num="329" count="1" type="stmt"/>
      <line num="333" count="1" type="stmt"/>
    </file>
  </project>
</coverage>
