{"/home/traning/Desktop/Akash3/crudwithapi/App.tsx": {"path":"/home/traning/Desktop/Akash3/crudwithapi/App.tsx","statementMap":{"0":{"start":{"line":29,"column":10},"end":{"line":39,"column":3}},"1":{"start":{"line":41,"column":14},"end":{"line":50,"column":3}},"2":{"start":{"line":42,"column":4},"end":{"line":49,"column":5}},"3":{"start":{"line":43,"column":23},"end":{"line":45,"column":7}},"4":{"start":{"line":46,"column":6},"end":{"line":46,"column":52}},"5":{"start":{"line":48,"column":6},"end":{"line":48,"column":23}},"6":{"start":{"line":52,"column":4},"end":{"line":52,"column":21}},"7":{"start":{"line":54,"column":15},"end":{"line":72,"column":3}},"8":{"start":{"line":55,"column":4},"end":{"line":55,"column":20}},"9":{"start":{"line":57,"column":4},"end":{"line":71,"column":5}},"10":{"start":{"line":58,"column":6},"end":{"line":64,"column":9}},"11":{"start":{"line":65,"column":8},"end":{"line":65,"column":25}},"12":{"start":{"line":70,"column":6},"end":{"line":70,"column":23}},"13":{"start":{"line":74,"column":13},"end":{"line":89,"column":3}},"14":{"start":{"line":76,"column":4},"end":{"line":88,"column":5}},"15":{"start":{"line":77,"column":5},"end":{"line":81,"column":9}},"16":{"start":{"line":83,"column":8},"end":{"line":83,"column":25}},"17":{"start":{"line":87,"column":6},"end":{"line":87,"column":23}},"18":{"start":{"line":91,"column":18},"end":{"line":100,"column":3}},"19":{"start":{"line":92,"column":25},"end":{"line":92,"column":35}},"20":{"start":{"line":93,"column":4},"end":{"line":99,"column":5}},"21":{"start":{"line":94,"column":6},"end":{"line":94,"column":55}},"22":{"start":{"line":95,"column":11},"end":{"line":99,"column":5}},"23":{"start":{"line":96,"column":6},"end":{"line":96,"column":58}},"24":{"start":{"line":98,"column":6},"end":{"line":98,"column":38}},"25":{"start":{"line":103,"column":23},"end":{"line":103,"column":33}},"26":{"start":{"line":105,"column":4},"end":{"line":105,"column":37}},"27":{"start":{"line":107,"column":4},"end":{"line":345,"column":6}},"28":{"start":{"line":121,"column":12},"end":{"line":121,"column":60}},"29":{"start":{"line":129,"column":12},"end":{"line":186,"column":14}},"30":{"start":{"line":161,"column":22},"end":{"line":166,"column":25}},"31":{"start":{"line":176,"column":22},"end":{"line":176,"column":48}},"32":{"start":{"line":216,"column":37},"end":{"line":216,"column":68}},"33":{"start":{"line":229,"column":37},"end":{"line":229,"column":69}},"34":{"start":{"line":238,"column":18},"end":{"line":238,"column":39}},"35":{"start":{"line":239,"column":20},"end":{"line":239,"column":68}},"36":{"start":{"line":240,"column":20},"end":{"line":240,"column":36}},"37":{"start":{"line":289,"column":37},"end":{"line":289,"column":69}},"38":{"start":{"line":302,"column":37},"end":{"line":302,"column":70}},"39":{"start":{"line":318,"column":18},"end":{"line":318,"column":64}},"40":{"start":{"line":319,"column":18},"end":{"line":334,"column":19}},"41":{"start":{"line":320,"column":19},"end":{"line":327,"column":22}},"42":{"start":{"line":328,"column":20},"end":{"line":328,"column":37}},"43":{"start":{"line":329,"column":20},"end":{"line":329,"column":61}},"44":{"start":{"line":333,"column":20},"end":{"line":333,"column":37}}},"fnMap":{"0":{"name":"(anonymous_0)","decl":{"start":{"line":41,"column":14},"end":{"line":41,"column":15}},"loc":{"start":{"line":41,"column":26},"end":{"line":50,"column":3}},"line":41},"1":{"name":"(anonymous_1)","decl":{"start":{"line":51,"column":2},"end":{"line":51,"column":3}},"loc":{"start":{"line":51,"column":28},"end":{"line":53,"column":3}},"line":51},"2":{"name":"(anonymous_2)","decl":{"start":{"line":54,"column":15},"end":{"line":54,"column":16}},"loc":{"start":{"line":54,"column":33},"end":{"line":72,"column":3}},"line":54},"3":{"name":"(anonymous_3)","decl":{"start":{"line":74,"column":13},"end":{"line":74,"column":14}},"loc":{"start":{"line":74,"column":25},"end":{"line":89,"column":3}},"line":74},"4":{"name":"(anonymous_4)","decl":{"start":{"line":91,"column":18},"end":{"line":91,"column":19}},"loc":{"start":{"line":91,"column":24},"end":{"line":100,"column":3}},"line":91},"5":{"name":"(anonymous_5)","decl":{"start":{"line":102,"column":2},"end":{"line":102,"column":3}},"loc":{"start":{"line":102,"column":28},"end":{"line":346,"column":3}},"line":102},"6":{"name":"(anonymous_6)","decl":{"start":{"line":120,"column":19},"end":{"line":120,"column":20}},"loc":{"start":{"line":120,"column":25},"end":{"line":122,"column":11}},"line":120},"7":{"name":"(anonymous_7)","decl":{"start":{"line":128,"column":22},"end":{"line":128,"column":23}},"loc":{"start":{"line":128,"column":44},"end":{"line":187,"column":11}},"line":128},"8":{"name":"(anonymous_8)","decl":{"start":{"line":160,"column":29},"end":{"line":160,"column":30}},"loc":{"start":{"line":160,"column":35},"end":{"line":167,"column":21}},"line":160},"9":{"name":"(anonymous_9)","decl":{"start":{"line":175,"column":29},"end":{"line":175,"column":30}},"loc":{"start":{"line":175,"column":35},"end":{"line":177,"column":21}},"line":175},"10":{"name":"(anonymous_10)","decl":{"start":{"line":216,"column":30},"end":{"line":216,"column":31}},"loc":{"start":{"line":216,"column":37},"end":{"line":216,"column":68}},"line":216},"11":{"name":"(anonymous_11)","decl":{"start":{"line":229,"column":30},"end":{"line":229,"column":31}},"loc":{"start":{"line":229,"column":37},"end":{"line":229,"column":69}},"line":229},"12":{"name":"(anonymous_12)","decl":{"start":{"line":237,"column":25},"end":{"line":237,"column":26}},"loc":{"start":{"line":237,"column":31},"end":{"line":243,"column":17}},"line":237},"13":{"name":"(anonymous_13)","decl":{"start":{"line":289,"column":30},"end":{"line":289,"column":31}},"loc":{"start":{"line":289,"column":37},"end":{"line":289,"column":69}},"line":289},"14":{"name":"(anonymous_14)","decl":{"start":{"line":302,"column":30},"end":{"line":302,"column":31}},"loc":{"start":{"line":302,"column":37},"end":{"line":302,"column":70}},"line":302},"15":{"name":"(anonymous_15)","decl":{"start":{"line":317,"column":25},"end":{"line":317,"column":26}},"loc":{"start":{"line":317,"column":37},"end":{"line":335,"column":17}},"line":317}},"branchMap":{"0":{"loc":{"start":{"line":93,"column":4},"end":{"line":99,"column":5}},"type":"if","locations":[{"start":{"line":93,"column":4},"end":{"line":99,"column":5}},{"start":{"line":95,"column":11},"end":{"line":99,"column":5}}],"line":93},"1":{"loc":{"start":{"line":95,"column":11},"end":{"line":99,"column":5}},"type":"if","locations":[{"start":{"line":95,"column":11},"end":{"line":99,"column":5}},{"start":{"line":97,"column":11},"end":{"line":99,"column":5}}],"line":95},"2":{"loc":{"start":{"line":233,"column":15},"end":{"line":235,"column":22}},"type":"cond-expr","locations":[{"start":{"line":234,"column":16},"end":{"line":234,"column":75}},{"start":{"line":235,"column":18},"end":{"line":235,"column":22}}],"line":233}},"s":{"0":10,"1":10,"2":13,"3":13,"4":13,"5":1,"6":10,"7":10,"8":2,"9":2,"10":2,"11":1,"12":1,"13":10,"14":2,"15":2,"16":1,"17":1,"18":10,"19":8,"20":8,"21":2,"22":6,"23":2,"24":4,"25":49,"26":49,"27":49,"28":3,"29":13,"30":2,"31":2,"32":2,"33":6,"34":2,"35":2,"36":2,"37":2,"38":2,"39":2,"40":2,"41":2,"42":1,"43":1,"44":1},"f":{"0":13,"1":10,"2":2,"3":2,"4":8,"5":49,"6":3,"7":13,"8":2,"9":2,"10":2,"11":6,"12":2,"13":2,"14":2,"15":2},"b":{"0":[2,6],"1":[2,4],"2":[8,41]},"_coverageSchema":"1a1c01bbd47fc00a2c39e90264f33305004495a9","hash":"21b1c86105e9206674badcd53bf59730498e67d8"}
}
