{"/home/traning/Desktop/Akash3/crudwithapi/App.tsx": {"path":"/home/traning/Desktop/Akash3/crudwithapi/App.tsx","statementMap":{"0":{"start":{"line":29,"column":10},"end":{"line":39,"column":3}},"1":{"start":{"line":41,"column":14},"end":{"line":50,"column":3}},"2":{"start":{"line":42,"column":4},"end":{"line":49,"column":5}},"3":{"start":{"line":43,"column":23},"end":{"line":45,"column":7}},"4":{"start":{"line":46,"column":6},"end":{"line":46,"column":52}},"5":{"start":{"line":48,"column":6},"end":{"line":48,"column":23}},"6":{"start":{"line":52,"column":4},"end":{"line":52,"column":21}},"7":{"start":{"line":54,"column":15},"end":{"line":74,"column":3}},"8":{"start":{"line":55,"column":4},"end":{"line":55,"column":20}},"9":{"start":{"line":57,"column":4},"end":{"line":73,"column":5}},"10":{"start":{"line":58,"column":6},"end":{"line":69,"column":11}},"11":{"start":{"line":66,"column":10},"end":{"line":68,"column":14}},"12":{"start":{"line":66,"column":38},"end":{"line":68,"column":11}},"13":{"start":{"line":67,"column":56},"end":{"line":67,"column":71}},"14":{"start":{"line":70,"column":6},"end":{"line":70,"column":47}},"15":{"start":{"line":72,"column":6},"end":{"line":72,"column":23}},"16":{"start":{"line":76,"column":13},"end":{"line":94,"column":3}},"17":{"start":{"line":77,"column":4},"end":{"line":93,"column":5}},"18":{"start":{"line":78,"column":6},"end":{"line":89,"column":11}},"19":{"start":{"line":84,"column":10},"end":{"line":88,"column":13}},"20":{"start":{"line":92,"column":6},"end":{"line":92,"column":23}},"21":{"start":{"line":96,"column":18},"end":{"line":105,"column":3}},"22":{"start":{"line":97,"column":25},"end":{"line":97,"column":35}},"23":{"start":{"line":98,"column":4},"end":{"line":104,"column":5}},"24":{"start":{"line":99,"column":6},"end":{"line":99,"column":55}},"25":{"start":{"line":100,"column":11},"end":{"line":104,"column":5}},"26":{"start":{"line":101,"column":6},"end":{"line":101,"column":58}},"27":{"start":{"line":103,"column":6},"end":{"line":103,"column":38}},"28":{"start":{"line":108,"column":23},"end":{"line":108,"column":33}},"29":{"start":{"line":110,"column":4},"end":{"line":110,"column":37}},"30":{"start":{"line":112,"column":4},"end":{"line":345,"column":6}},"31":{"start":{"line":126,"column":12},"end":{"line":126,"column":60}},"32":{"start":{"line":134,"column":12},"end":{"line":191,"column":14}},"33":{"start":{"line":166,"column":22},"end":{"line":171,"column":25}},"34":{"start":{"line":181,"column":22},"end":{"line":181,"column":48}},"35":{"start":{"line":221,"column":37},"end":{"line":221,"column":68}},"36":{"start":{"line":234,"column":37},"end":{"line":234,"column":69}},"37":{"start":{"line":243,"column":18},"end":{"line":243,"column":39}},"38":{"start":{"line":244,"column":18},"end":{"line":248,"column":19}},"39":{"start":{"line":245,"column":20},"end":{"line":245,"column":68}},"40":{"start":{"line":246,"column":20},"end":{"line":246,"column":36}},"41":{"start":{"line":295,"column":37},"end":{"line":295,"column":69}},"42":{"start":{"line":307,"column":37},"end":{"line":307,"column":70}},"43":{"start":{"line":320,"column":18},"end":{"line":320,"column":64}},"44":{"start":{"line":321,"column":18},"end":{"line":334,"column":19}},"45":{"start":{"line":322,"column":20},"end":{"line":329,"column":22}},"46":{"start":{"line":330,"column":20},"end":{"line":330,"column":37}},"47":{"start":{"line":331,"column":20},"end":{"line":331,"column":61}},"48":{"start":{"line":333,"column":20},"end":{"line":333,"column":37}}},"fnMap":{"0":{"name":"(anonymous_0)","decl":{"start":{"line":41,"column":14},"end":{"line":41,"column":15}},"loc":{"start":{"line":41,"column":26},"end":{"line":50,"column":3}},"line":41},"1":{"name":"(anonymous_1)","decl":{"start":{"line":51,"column":2},"end":{"line":51,"column":3}},"loc":{"start":{"line":51,"column":28},"end":{"line":53,"column":3}},"line":51},"2":{"name":"(anonymous_2)","decl":{"start":{"line":54,"column":15},"end":{"line":54,"column":16}},"loc":{"start":{"line":54,"column":27},"end":{"line":74,"column":3}},"line":54},"3":{"name":"(anonymous_3)","decl":{"start":{"line":65,"column":14},"end":{"line":65,"column":15}},"loc":{"start":{"line":65,"column":21},"end":{"line":69,"column":9}},"line":65},"4":{"name":"(anonymous_4)","decl":{"start":{"line":66,"column":24},"end":{"line":66,"column":25}},"loc":{"start":{"line":66,"column":38},"end":{"line":68,"column":11}},"line":66},"5":{"name":"(anonymous_5)","decl":{"start":{"line":67,"column":48},"end":{"line":67,"column":49}},"loc":{"start":{"line":67,"column":56},"end":{"line":67,"column":71}},"line":67},"6":{"name":"(anonymous_6)","decl":{"start":{"line":76,"column":13},"end":{"line":76,"column":14}},"loc":{"start":{"line":76,"column":25},"end":{"line":94,"column":3}},"line":76},"7":{"name":"(anonymous_7)","decl":{"start":{"line":83,"column":14},"end":{"line":83,"column":15}},"loc":{"start":{"line":83,"column":21},"end":{"line":89,"column":9}},"line":83},"8":{"name":"(anonymous_8)","decl":{"start":{"line":96,"column":18},"end":{"line":96,"column":19}},"loc":{"start":{"line":96,"column":24},"end":{"line":105,"column":3}},"line":96},"9":{"name":"(anonymous_9)","decl":{"start":{"line":107,"column":2},"end":{"line":107,"column":3}},"loc":{"start":{"line":107,"column":28},"end":{"line":346,"column":3}},"line":107},"10":{"name":"(anonymous_10)","decl":{"start":{"line":125,"column":19},"end":{"line":125,"column":20}},"loc":{"start":{"line":125,"column":25},"end":{"line":127,"column":11}},"line":125},"11":{"name":"(anonymous_11)","decl":{"start":{"line":133,"column":22},"end":{"line":133,"column":23}},"loc":{"start":{"line":133,"column":44},"end":{"line":192,"column":11}},"line":133},"12":{"name":"(anonymous_12)","decl":{"start":{"line":165,"column":29},"end":{"line":165,"column":30}},"loc":{"start":{"line":165,"column":35},"end":{"line":172,"column":21}},"line":165},"13":{"name":"(anonymous_13)","decl":{"start":{"line":180,"column":29},"end":{"line":180,"column":30}},"loc":{"start":{"line":180,"column":35},"end":{"line":182,"column":21}},"line":180},"14":{"name":"(anonymous_14)","decl":{"start":{"line":221,"column":30},"end":{"line":221,"column":31}},"loc":{"start":{"line":221,"column":37},"end":{"line":221,"column":68}},"line":221},"15":{"name":"(anonymous_15)","decl":{"start":{"line":234,"column":30},"end":{"line":234,"column":31}},"loc":{"start":{"line":234,"column":37},"end":{"line":234,"column":69}},"line":234},"16":{"name":"(anonymous_16)","decl":{"start":{"line":242,"column":25},"end":{"line":242,"column":26}},"loc":{"start":{"line":242,"column":31},"end":{"line":249,"column":17}},"line":242},"17":{"name":"(anonymous_17)","decl":{"start":{"line":295,"column":30},"end":{"line":295,"column":31}},"loc":{"start":{"line":295,"column":37},"end":{"line":295,"column":69}},"line":295},"18":{"name":"(anonymous_18)","decl":{"start":{"line":307,"column":30},"end":{"line":307,"column":31}},"loc":{"start":{"line":307,"column":37},"end":{"line":307,"column":70}},"line":307},"19":{"name":"(anonymous_19)","decl":{"start":{"line":319,"column":25},"end":{"line":319,"column":26}},"loc":{"start":{"line":319,"column":37},"end":{"line":335,"column":17}},"line":319}},"branchMap":{"0":{"loc":{"start":{"line":98,"column":4},"end":{"line":104,"column":5}},"type":"if","locations":[{"start":{"line":98,"column":4},"end":{"line":104,"column":5}},{"start":{"line":100,"column":11},"end":{"line":104,"column":5}}],"line":98},"1":{"loc":{"start":{"line":100,"column":11},"end":{"line":104,"column":5}},"type":"if","locations":[{"start":{"line":100,"column":11},"end":{"line":104,"column":5}},{"start":{"line":102,"column":11},"end":{"line":104,"column":5}}],"line":100},"2":{"loc":{"start":{"line":238,"column":15},"end":{"line":240,"column":22}},"type":"cond-expr","locations":[{"start":{"line":239,"column":16},"end":{"line":239,"column":75}},{"start":{"line":240,"column":18},"end":{"line":240,"column":22}}],"line":238},"3":{"loc":{"start":{"line":244,"column":18},"end":{"line":248,"column":19}},"type":"if","locations":[{"start":{"line":244,"column":18},"end":{"line":248,"column":19}},{"start":{},"end":{}}],"line":244},"4":{"loc":{"start":{"line":244,"column":22},"end":{"line":244,"column":69}},"type":"binary-expr","locations":[{"start":{"line":244,"column":22},"end":{"line":244,"column":43}},{"start":{"line":244,"column":47},"end":{"line":244,"column":69}}],"line":244}},"s":{"0":3,"1":3,"2":3,"3":3,"4":3,"5":1,"6":3,"7":3,"8":0,"9":0,"10":0,"11":0,"12":0,"13":0,"14":0,"15":0,"16":3,"17":1,"18":1,"19":0,"20":1,"21":3,"22":4,"23":4,"24":1,"25":3,"26":1,"27":2,"28":15,"29":15,"30":15,"31":2,"32":1,"33":0,"34":0,"35":1,"36":3,"37":1,"38":1,"39":1,"40":1,"41":0,"42":0,"43":0,"44":0,"45":0,"46":0,"47":0,"48":0},"f":{"0":3,"1":3,"2":0,"3":0,"4":0,"5":0,"6":1,"7":0,"8":4,"9":15,"10":2,"11":1,"12":0,"13":0,"14":1,"15":3,"16":1,"17":0,"18":0,"19":0},"b":{"0":[1,3],"1":[1,2],"2":[4,11],"3":[1,0],"4":[1,1]},"_coverageSchema":"1a1c01bbd47fc00a2c39e90264f33305004495a9","hash":"0e3f3434761fb4972366f072dda35f599f1f0c2f"}
}
