TN:
SF:App.tsx
FN:41,(anonymous_0)
FN:51,(anonymous_1)
FN:54,(anonymous_2)
FN:74,(anonymous_3)
FN:91,(anonymous_4)
FN:102,(anonymous_5)
FN:120,(anonymous_6)
FN:128,(anonymous_7)
FN:160,(anonymous_8)
FN:175,(anonymous_9)
FN:216,(anonymous_10)
FN:229,(anonymous_11)
FN:237,(anonymous_12)
FN:289,(anonymous_13)
FN:302,(anonymous_14)
FN:317,(anonymous_15)
FNF:16
FNH:16
FNDA:13,(anonymous_0)
FNDA:10,(anonymous_1)
FNDA:2,(anonymous_2)
FNDA:2,(anonymous_3)
FNDA:8,(anonymous_4)
FNDA:49,(anonymous_5)
FNDA:3,(anonymous_6)
FNDA:13,(anonymous_7)
FNDA:2,(anonymous_8)
FNDA:2,(anonymous_9)
FNDA:2,(anonymous_10)
FNDA:6,(anonymous_11)
FNDA:2,(anonymous_12)
FNDA:2,(anonymous_13)
FNDA:2,(anonymous_14)
FNDA:2,(anonymous_15)
DA:29,10
DA:41,10
DA:42,13
DA:43,13
DA:46,13
DA:48,1
DA:52,10
DA:54,10
DA:55,2
DA:57,2
DA:58,2
DA:65,1
DA:70,1
DA:74,10
DA:76,2
DA:77,2
DA:83,1
DA:87,1
DA:91,10
DA:92,8
DA:93,8
DA:94,2
DA:95,6
DA:96,2
DA:98,4
DA:103,49
DA:105,49
DA:107,49
DA:121,3
DA:129,13
DA:161,2
DA:176,2
DA:216,2
DA:229,6
DA:238,2
DA:239,2
DA:240,2
DA:289,2
DA:302,2
DA:318,2
DA:319,2
DA:320,2
DA:328,1
DA:329,1
DA:333,1
LF:45
LH:45
BRDA:93,0,0,2
BRDA:93,0,1,6
BRDA:95,1,0,2
BRDA:95,1,1,4
BRDA:233,2,0,8
BRDA:233,2,1,41
BRF:6
BRH:6
end_of_record
