TN:
SF:App.tsx
FN:41,(anonymous_0)
FN:51,(anonymous_1)
FN:54,(anonymous_2)
FN:65,(anonymous_3)
FN:66,(anonymous_4)
FN:67,(anonymous_5)
FN:76,(anonymous_6)
FN:83,(anonymous_7)
FN:96,(anonymous_8)
FN:107,(anonymous_9)
FN:125,(anonymous_10)
FN:133,(anonymous_11)
FN:165,(anonymous_12)
FN:180,(anonymous_13)
FN:221,(anonymous_14)
FN:234,(anonymous_15)
FN:242,(anonymous_16)
FN:295,(anonymous_17)
FN:307,(anonymous_18)
FN:319,(anonymous_19)
FNF:20
FNH:10
FNDA:3,(anonymous_0)
FNDA:3,(anonymous_1)
FNDA:0,(anonymous_2)
FNDA:0,(anonymous_3)
FNDA:0,(anonymous_4)
FNDA:0,(anonymous_5)
FNDA:1,(anonymous_6)
FNDA:0,(anonymous_7)
FNDA:4,(anonymous_8)
FNDA:15,(anonymous_9)
FNDA:2,(anonymous_10)
FNDA:1,(anonymous_11)
FNDA:0,(anonymous_12)
FNDA:0,(anonymous_13)
FNDA:1,(anonymous_14)
FNDA:3,(anonymous_15)
FNDA:1,(anonymous_16)
FNDA:0,(anonymous_17)
FNDA:0,(anonymous_18)
FNDA:0,(anonymous_19)
DA:29,3
DA:41,3
DA:42,3
DA:43,3
DA:46,3
DA:48,1
DA:52,3
DA:54,3
DA:55,0
DA:57,0
DA:58,0
DA:66,0
DA:67,0
DA:70,0
DA:72,0
DA:76,3
DA:77,1
DA:78,1
DA:84,0
DA:92,1
DA:96,3
DA:97,4
DA:98,4
DA:99,1
DA:100,3
DA:101,1
DA:103,2
DA:108,15
DA:110,15
DA:112,15
DA:126,2
DA:134,1
DA:166,0
DA:181,0
DA:221,1
DA:234,3
DA:243,1
DA:244,1
DA:245,1
DA:246,1
DA:295,0
DA:307,0
DA:320,0
DA:321,0
DA:322,0
DA:330,0
DA:331,0
DA:333,0
LF:48
LH:30
BRDA:98,0,0,1
BRDA:98,0,1,3
BRDA:100,1,0,1
BRDA:100,1,1,2
BRDA:238,2,0,4
BRDA:238,2,1,11
BRDA:244,3,0,1
BRDA:244,3,1,0
BRDA:244,4,0,1
BRDA:244,4,1,1
BRF:10
BRH:9
end_of_record
